# JRE version: OpenJDK Runtime Environment Corretto-21.0.6.7.1 (21.0.6+7) (build 21.0.6+7-LTS)
# Java VM: OpenJDK 64-Bit Server VM Corretto-21.0.6.7.1 (21.0.6+7-LTS, mixed mode, sharing, tiered, compressed oops, compressed class ptrs, g1 gc, windows-amd64)
GC Precious Log:
 CardTable entry size: 512
 Card Set container configuration: InlinePtr #cards 5 size 8 Array Of Cards #cards 12 size 40 Howl #buckets 4 coarsen threshold 1843 Howl Bitmap #cards 512 size 80 coarsen threshold 460 Card regions per heap region 1 cards per card region 2048
 CPUs: 4 total, 4 available
 Memory: 16383M
 Large Page Support: Disabled
 NUMA Support: Disabled
 Compressed Oops: Enabled (32-bit)
 Heap Region Size: 1M
 Heap Min Capacity: 256M
 Heap Initial Capacity: 256M
 Heap Max Capacity: 512M
 Pre-touch: Disabled
 Parallel Workers: 4
 Concurrent Workers: 1
 Concurrent Refinement Workers: 4
 Periodic GC: Disabled
Heap:
 garbage-first heap   total 262144K, used 136592K [0x00000000e0000000, 0x0000000100000000)
  region size 1024K, 54 young (55296K), 9 survivors (9216K)
 Metaspace       used 63039K, committed 65152K, reserved 393216K
  class space    used 9125K, committed 10176K, reserved 327680K
GC Heap History (18 events):
Event: 0.400 GC heap before
{Heap before GC invocations=0 (full 0):
 garbage-first heap   total 262144K, used 13312K [0x00000000e0000000, 0x0000000100000000)
  region size 1024K, 13 young (13312K), 0 survivors (0K)
 Metaspace       used 827K, committed 960K, reserved 393216K
  class space    used 68K, committed 128K, reserved 327680K
}
Event: 0.463 GC heap after
{Heap after GC invocations=1 (full 0):
 garbage-first heap   total 262144K, used 1280K [0x00000000e0000000, 0x0000000100000000)
  region size 1024K, 2 young (2048K), 2 survivors (2048K)
 Metaspace       used 827K, committed 960K, reserved 393216K
  class space    used 68K, committed 128K, reserved 327680K
}
Event: 1.049 GC heap before
{Heap before GC invocations=1 (full 0):
 garbage-first heap   total 262144K, used 29952K [0x00000000e0000000, 0x0000000100000000)
  region size 1024K, 27 young (27648K), 2 survivors (2048K)
 Metaspace       used 3946K, committed 4160K, reserved 393216K
  class space    used 489K, committed 576K, reserved 327680K
}
Event: 1.052 GC heap after
{Heap after GC invocations=2 (full 0):
 garbage-first heap   total 262144K, used 11244K [0x00000000e0000000, 0x0000000100000000)
  region size 1024K, 4 young (4096K), 4 survivors (4096K)
 Metaspace       used 3946K, committed 4160K, reserved 393216K
  class space    used 489K, committed 576K, reserved 327680K
}
Event: 4.758 GC heap before
{Heap before GC invocations=2 (full 0):
 garbage-first heap   total 262144K, used 157676K [0x00000000e0000000, 0x0000000100000000)
  region size 1024K, 147 young (150528K), 4 survivors (4096K)
 Metaspace       used 20888K, committed 21504K, reserved 393216K
  class space    used 2966K, committed 3264K, reserved 327680K
}
Event: 4.766 GC heap after
{Heap after GC invocations=3 (full 0):
 garbage-first heap   total 262144K, used 24938K [0x00000000e0000000, 0x0000000100000000)
  region size 1024K, 17 young (17408K), 17 survivors (17408K)
 Metaspace       used 20888K, committed 21504K, reserved 393216K
  class space    used 2966K, committed 3264K, reserved 327680K
}
Event: 7.060 GC heap before
{Heap before GC invocations=4 (full 0):
 garbage-first heap   total 262144K, used 108906K [0x00000000e0000000, 0x0000000100000000)
  region size 1024K, 89 young (91136K), 17 survivors (17408K)
 Metaspace       used 29543K, committed 30720K, reserved 393216K
  class space    used 4407K, committed 4992K, reserved 327680K
}
Event: 7.074 GC heap after
{Heap after GC invocations=5 (full 0):
 garbage-first heap   total 262144K, used 42849K [0x00000000e0000000, 0x0000000100000000)
  region size 1024K, 7 young (7168K), 7 survivors (7168K)
 Metaspace       used 29543K, committed 30720K, reserved 393216K
  class space    used 4407K, committed 4992K, reserved 327680K
}
Event: 7.371 GC heap before
{Heap before GC invocations=5 (full 0):
 garbage-first heap   total 262144K, used 73569K [0x00000000e0000000, 0x0000000100000000)
  region size 1024K, 38 young (38912K), 7 survivors (7168K)
 Metaspace       used 34592K, committed 35968K, reserved 393216K
  class space    used 5086K, committed 5760K, reserved 327680K
}
Event: 7.375 GC heap after
{Heap after GC invocations=6 (full 0):
 garbage-first heap   total 262144K, used 44830K [0x00000000e0000000, 0x0000000100000000)
  region size 1024K, 9 young (9216K), 9 survivors (9216K)
 Metaspace       used 34592K, committed 35968K, reserved 393216K
  class space    used 5086K, committed 5760K, reserved 327680K
}
Event: 7.381 GC heap before
{Heap before GC invocations=6 (full 0):
 garbage-first heap   total 262144K, used 44830K [0x00000000e0000000, 0x0000000100000000)
  region size 1024K, 10 young (10240K), 9 survivors (9216K)
 Metaspace       used 34930K, committed 36288K, reserved 393216K
  class space    used 5127K, committed 5824K, reserved 327680K
}
Event: 7.385 GC heap after
{Heap after GC invocations=7 (full 0):
 garbage-first heap   total 262144K, used 45459K [0x00000000e0000000, 0x0000000100000000)
  region size 1024K, 3 young (3072K), 3 survivors (3072K)
 Metaspace       used 34930K, committed 36288K, reserved 393216K
  class space    used 5127K, committed 5824K, reserved 327680K
}
Event: 9.323 GC heap before
{Heap before GC invocations=8 (full 0):
 garbage-first heap   total 262144K, used 217491K [0x00000000e0000000, 0x0000000100000000)
  region size 1024K, 153 young (156672K), 3 survivors (3072K)
 Metaspace       used 50558K, committed 52352K, reserved 393216K
  class space    used 7118K, committed 8000K, reserved 327680K
}
Event: 9.332 GC heap after
{Heap after GC invocations=9 (full 0):
 garbage-first heap   total 262144K, used 70901K [0x00000000e0000000, 0x0000000100000000)
  region size 1024K, 16 young (16384K), 16 survivors (16384K)
 Metaspace       used 50558K, committed 52352K, reserved 393216K
  class space    used 7118K, committed 8000K, reserved 327680K
}
Event: 10.164 GC heap before
{Heap before GC invocations=9 (full 0):
 garbage-first heap   total 262144K, used 182517K [0x00000000e0000000, 0x0000000100000000)
  region size 1024K, 114 young (116736K), 16 survivors (16384K)
 Metaspace       used 59355K, committed 61440K, reserved 393216K
  class space    used 8589K, committed 9664K, reserved 327680K
}
Event: 10.180 GC heap after
{Heap after GC invocations=10 (full 0):
 garbage-first heap   total 262144K, used 91797K [0x00000000e0000000, 0x0000000100000000)
  region size 1024K, 9 young (9216K), 9 survivors (9216K)
 Metaspace       used 59355K, committed 61440K, reserved 393216K
  class space    used 8589K, committed 9664K, reserved 327680K
}
Event: 10.207 GC heap before
{Heap before GC invocations=10 (full 0):
 garbage-first heap   total 262144K, used 96917K [0x00000000e0000000, 0x0000000100000000)
  region size 1024K, 15 young (15360K), 9 survivors (9216K)
 Metaspace       used 59666K, committed 61760K, reserved 393216K
  class space    used 8650K, committed 9728K, reserved 327680K
}
Event: 10.212 GC heap after
{Heap after GC invocations=11 (full 0):
 garbage-first heap   total 262144K, used 91536K [0x00000000e0000000, 0x0000000100000000)
  region size 1024K, 9 young (9216K), 9 survivors (9216K)
 Metaspace       used 59666K, committed 61760K, reserved 393216K
  class space    used 8650K, committed 9728K, reserved 327680K
}

