# JRE version: OpenJDK Runtime Environment Corretto-21.0.6.7.1 (21.0.6+7) (build 21.0.6+7-LTS)
# Java VM: OpenJDK 64-Bit Server VM Corretto-21.0.6.7.1 (21.0.6+7-LTS, mixed mode, sharing, tiered, compressed oops, compressed class ptrs, g1 gc, windows-amd64)
GC Precious Log:
 CardTable entry size: 512
 Card Set container configuration: InlinePtr #cards 5 size 8 Array Of Cards #cards 12 size 40 Howl #buckets 4 coarsen threshold 1843 Howl Bitmap #cards 512 size 80 coarsen threshold 460 Card regions per heap region 1 cards per card region 2048
 CPUs: 4 total, 4 available
 Memory: 16383M
 Large Page Support: Disabled
 NUMA Support: Disabled
 Compressed Oops: Enabled (32-bit)
 Heap Region Size: 1M
 Heap Min Capacity: 256M
 Heap Initial Capacity: 256M
 Heap Max Capacity: 512M
 Pre-touch: Disabled
 Parallel Workers: 4
 Concurrent Workers: 1
 Concurrent Refinement Workers: 4
 Periodic GC: Disabled
Heap:
 garbage-first heap   total 262144K, used 143115K [0x00000000e0000000, 0x0000000100000000)
  region size 1024K, 13 young (13312K), 7 survivors (7168K)
 Metaspace       used 94145K, committed 96640K, reserved 458752K
  class space    used 13035K, committed 14272K, reserved 327680K
GC Heap History (20 events):
Event: 13.694 GC heap before
{Heap before GC invocations=8 (full 0):
 garbage-first heap   total 262144K, used 196060K [0x00000000e0000000, 0x0000000100000000)
  region size 1024K, 133 young (136192K), 20 survivors (20480K)
 Metaspace       used 59354K, committed 61440K, reserved 393216K
  class space    used 8544K, committed 9600K, reserved 327680K
}
Event: 13.710 GC heap after
{Heap after GC invocations=9 (full 0):
 garbage-first heap   total 262144K, used 91624K [0x00000000e0000000, 0x0000000100000000)
  region size 1024K, 11 young (11264K), 11 survivors (11264K)
 Metaspace       used 59354K, committed 61440K, reserved 393216K
  class space    used 8544K, committed 9600K, reserved 327680K
}
Event: 13.831 GC heap before
{Heap before GC invocations=9 (full 0):
 garbage-first heap   total 262144K, used 94696K [0x00000000e0000000, 0x0000000100000000)
  region size 1024K, 15 young (15360K), 11 survivors (11264K)
 Metaspace       used 59712K, committed 61760K, reserved 393216K
  class space    used 8603K, committed 9600K, reserved 327680K
}
Event: 13.839 GC heap after
{Heap after GC invocations=10 (full 0):
 garbage-first heap   total 262144K, used 92160K [0x00000000e0000000, 0x0000000100000000)
  region size 1024K, 1 young (1024K), 1 survivors (1024K)
 Metaspace       used 59712K, committed 61760K, reserved 393216K
  class space    used 8603K, committed 9600K, reserved 327680K
}
Event: 28.837 GC heap before
{Heap before GC invocations=11 (full 0):
 garbage-first heap   total 262144K, used 230400K [0x00000000e0000000, 0x0000000100000000)
  region size 1024K, 135 young (138240K), 1 survivors (1024K)
 Metaspace       used 71349K, committed 73536K, reserved 393216K
  class space    used 10249K, committed 11328K, reserved 327680K
}
Event: 28.844 GC heap after
{Heap after GC invocations=12 (full 0):
 garbage-first heap   total 262144K, used 104431K [0x00000000e0000000, 0x0000000100000000)
  region size 1024K, 11 young (11264K), 11 survivors (11264K)
 Metaspace       used 71349K, committed 73536K, reserved 393216K
  class space    used 10249K, committed 11328K, reserved 327680K
}
Event: 29.424 GC heap before
{Heap before GC invocations=12 (full 0):
 garbage-first heap   total 262144K, used 230383K [0x00000000e0000000, 0x0000000100000000)
  region size 1024K, 134 young (137216K), 11 survivors (11264K)
 Metaspace       used 72018K, committed 74176K, reserved 393216K
  class space    used 10298K, committed 11392K, reserved 327680K
}
Event: 29.433 GC heap after
{Heap after GC invocations=13 (full 0):
 garbage-first heap   total 262144K, used 107942K [0x00000000e0000000, 0x0000000100000000)
  region size 1024K, 5 young (5120K), 5 survivors (5120K)
 Metaspace       used 72018K, committed 74176K, reserved 393216K
  class space    used 10298K, committed 11392K, reserved 327680K
}
Event: 45.326 GC heap before
{Heap before GC invocations=13 (full 0):
 garbage-first heap   total 262144K, used 239014K [0x00000000e0000000, 0x0000000100000000)
  region size 1024K, 129 young (132096K), 5 survivors (5120K)
 Metaspace       used 86542K, committed 88896K, reserved 458752K
  class space    used 12172K, committed 13312K, reserved 327680K
}
Event: 45.338 GC heap after
{Heap after GC invocations=14 (full 0):
 garbage-first heap   total 262144K, used 123372K [0x00000000e0000000, 0x0000000100000000)
  region size 1024K, 17 young (17408K), 17 survivors (17408K)
 Metaspace       used 86542K, committed 88896K, reserved 458752K
  class space    used 12172K, committed 13312K, reserved 327680K
}
Event: 46.361 GC heap before
{Heap before GC invocations=14 (full 0):
 garbage-first heap   total 262144K, used 231916K [0x00000000e0000000, 0x0000000100000000)
  region size 1024K, 121 young (123904K), 17 survivors (17408K)
 Metaspace       used 91064K, committed 93504K, reserved 458752K
  class space    used 12630K, committed 13824K, reserved 327680K
}
Event: 46.374 GC heap after
{Heap after GC invocations=15 (full 0):
 garbage-first heap   total 262144K, used 133120K [0x00000000e0000000, 0x0000000100000000)
  region size 1024K, 10 young (10240K), 10 survivors (10240K)
 Metaspace       used 91064K, committed 93504K, reserved 458752K
  class space    used 12630K, committed 13824K, reserved 327680K
}
Event: 46.684 GC heap before
{Heap before GC invocations=15 (full 0):
 garbage-first heap   total 262144K, used 196608K [0x00000000e0000000, 0x0000000100000000)
  region size 1024K, 74 young (75776K), 10 survivors (10240K)
 Metaspace       used 91462K, committed 93888K, reserved 458752K
  class space    used 12684K, committed 13888K, reserved 327680K
}
Event: 46.693 GC heap after
{Heap after GC invocations=16 (full 0):
 garbage-first heap   total 262144K, used 133601K [0x00000000e0000000, 0x0000000100000000)
  region size 1024K, 8 young (8192K), 8 survivors (8192K)
 Metaspace       used 91462K, committed 93888K, reserved 458752K
  class space    used 12684K, committed 13888K, reserved 327680K
}
Event: 47.129 GC heap before
{Heap before GC invocations=17 (full 0):
 garbage-first heap   total 262144K, used 228833K [0x00000000e0000000, 0x0000000100000000)
  region size 1024K, 100 young (102400K), 8 survivors (8192K)
 Metaspace       used 91436K, committed 93888K, reserved 458752K
  class space    used 12679K, committed 13888K, reserved 327680K
}
Event: 47.134 GC heap after
{Heap after GC invocations=18 (full 0):
 garbage-first heap   total 262144K, used 133120K [0x00000000e0000000, 0x0000000100000000)
  region size 1024K, 1 young (1024K), 1 survivors (1024K)
 Metaspace       used 91436K, committed 93888K, reserved 458752K
  class space    used 12679K, committed 13888K, reserved 327680K
}
Event: 127.274 GC heap before
{Heap before GC invocations=18 (full 0):
 garbage-first heap   total 262144K, used 234496K [0x00000000e0000000, 0x0000000100000000)
  region size 1024K, 99 young (101376K), 1 survivors (1024K)
 Metaspace       used 94110K, committed 96640K, reserved 458752K
  class space    used 13033K, committed 14272K, reserved 327680K
}
Event: 127.281 GC heap after
{Heap after GC invocations=19 (full 0):
 garbage-first heap   total 262144K, used 137341K [0x00000000e0000000, 0x0000000100000000)
  region size 1024K, 7 young (7168K), 7 survivors (7168K)
 Metaspace       used 94110K, committed 96640K, reserved 458752K
  class space    used 13033K, committed 14272K, reserved 327680K
}
Event: 127.287 GC heap before
{Heap before GC invocations=19 (full 0):
 garbage-first heap   total 262144K, used 137341K [0x00000000e0000000, 0x0000000100000000)
  region size 1024K, 8 young (8192K), 7 survivors (7168K)
 Metaspace       used 94110K, committed 96640K, reserved 458752K
  class space    used 13033K, committed 14272K, reserved 327680K
}
Event: 127.292 GC heap after
{Heap after GC invocations=20 (full 0):
 garbage-first heap   total 262144K, used 136971K [0x00000000e0000000, 0x0000000100000000)
  region size 1024K, 7 young (7168K), 7 survivors (7168K)
 Metaspace       used 94110K, committed 96640K, reserved 458752K
  class space    used 13033K, committed 14272K, reserved 327680K
}

