# JRE version: OpenJDK Runtime Environment Corretto-21.0.6.7.1 (21.0.6+7) (build 21.0.6+7-LTS)
# Java VM: OpenJDK 64-Bit Server VM Corretto-21.0.6.7.1 (21.0.6+7-LTS, mixed mode, sharing, tiered, compressed oops, compressed class ptrs, g1 gc, windows-amd64)
GC Precious Log:
 CardTable entry size: 512
 Card Set container configuration: InlinePtr #cards 5 size 8 Array Of Cards #cards 12 size 40 Howl #buckets 4 coarsen threshold 1843 Howl Bitmap #cards 512 size 80 coarsen threshold 460 Card regions per heap region 1 cards per card region 2048
 CPUs: 4 total, 4 available
 Memory: 16383M
 Large Page Support: Disabled
 NUMA Support: Disabled
 Compressed Oops: Enabled (32-bit)
 Heap Region Size: 1M
 Heap Min Capacity: 8M
 Heap Initial Capacity: 256M
 Heap Max Capacity: 512M
 Pre-touch: Disabled
 Parallel Workers: 4
 Concurrent Workers: 1
 Concurrent Refinement Workers: 4
 Periodic GC: Disabled
Heap:
 garbage-first heap   total 106496K, used 59966K [0x00000000e0000000, 0x0000000100000000)
  region size 1024K, 12 young (12288K), 4 survivors (4096K)
 Metaspace       used 35824K, committed 36288K, reserved 1114112K
  class space    used 4295K, committed 4544K, reserved 1048576K
GC Heap History (16 events):
Event: 0.294 GC heap before
{Heap before GC invocations=0 (full 0):
 garbage-first heap   total 262144K, used 14336K [0x00000000e0000000, 0x0000000100000000)
  region size 1024K, 13 young (13312K), 0 survivors (0K)
 Metaspace       used 3650K, committed 3776K, reserved 1114112K
  class space    used 324K, committed 384K, reserved 1048576K
}
Event: 0.296 GC heap after
{Heap after GC invocations=1 (full 0):
 garbage-first heap   total 262144K, used 6105K [0x00000000e0000000, 0x0000000100000000)
  region size 1024K, 2 young (2048K), 2 survivors (2048K)
 Metaspace       used 3650K, committed 3776K, reserved 1114112K
  class space    used 324K, committed 384K, reserved 1048576K
}
Event: 0.524 GC heap before
{Heap before GC invocations=1 (full 0):
 garbage-first heap   total 262144K, used 20441K [0x00000000e0000000, 0x0000000100000000)
  region size 1024K, 16 young (16384K), 2 survivors (2048K)
 Metaspace       used 6927K, committed 7104K, reserved 1114112K
  class space    used 642K, committed 768K, reserved 1048576K
}
Event: 0.527 GC heap after
{Heap after GC invocations=2 (full 0):
 garbage-first heap   total 262144K, used 8120K [0x00000000e0000000, 0x0000000100000000)
  region size 1024K, 2 young (2048K), 2 survivors (2048K)
 Metaspace       used 6927K, committed 7104K, reserved 1114112K
  class space    used 642K, committed 768K, reserved 1048576K
}
Event: 1.911 GC heap before
{Heap before GC invocations=2 (full 0):
 garbage-first heap   total 262144K, used 162744K [0x00000000e0000000, 0x0000000100000000)
  region size 1024K, 153 young (156672K), 2 survivors (2048K)
 Metaspace       used 19203K, committed 19520K, reserved 1114112K
  class space    used 2153K, committed 2304K, reserved 1048576K
}
Event: 1.924 GC heap after
{Heap after GC invocations=3 (full 0):
 garbage-first heap   total 262144K, used 27298K [0x00000000e0000000, 0x0000000100000000)
  region size 1024K, 20 young (20480K), 20 survivors (20480K)
 Metaspace       used 19203K, committed 19520K, reserved 1114112K
  class space    used 2153K, committed 2304K, reserved 1048576K
}
Event: 2.381 GC heap before
{Heap before GC invocations=3 (full 0):
 garbage-first heap   total 262144K, used 52898K [0x00000000e0000000, 0x0000000100000000)
  region size 1024K, 46 young (47104K), 20 survivors (20480K)
 Metaspace       used 21131K, committed 21504K, reserved 1114112K
  class space    used 2440K, committed 2624K, reserved 1048576K
}
Event: 2.393 GC heap after
{Heap after GC invocations=4 (full 0):
 garbage-first heap   total 262144K, used 31515K [0x00000000e0000000, 0x0000000100000000)
  region size 1024K, 4 young (4096K), 4 survivors (4096K)
 Metaspace       used 21131K, committed 21504K, reserved 1114112K
  class space    used 2440K, committed 2624K, reserved 1048576K
}
Event: 8.280 GC heap before
{Heap before GC invocations=5 (full 0):
 garbage-first heap   total 106496K, used 89883K [0x00000000e0000000, 0x0000000100000000)
  region size 1024K, 62 young (63488K), 4 survivors (4096K)
 Metaspace       used 28252K, committed 28672K, reserved 1114112K
  class space    used 3294K, committed 3520K, reserved 1048576K
}
Event: 8.286 GC heap after
{Heap after GC invocations=6 (full 0):
 garbage-first heap   total 106496K, used 37659K [0x00000000e0000000, 0x0000000100000000)
  region size 1024K, 8 young (8192K), 8 survivors (8192K)
 Metaspace       used 28252K, committed 28672K, reserved 1114112K
  class space    used 3294K, committed 3520K, reserved 1048576K
}
Event: 8.723 GC heap before
{Heap before GC invocations=6 (full 0):
 garbage-first heap   total 106496K, used 86811K [0x00000000e0000000, 0x0000000100000000)
  region size 1024K, 56 young (57344K), 8 survivors (8192K)
 Metaspace       used 30577K, committed 31104K, reserved 1114112K
  class space    used 3645K, committed 3904K, reserved 1048576K
}
Event: 8.730 GC heap after
{Heap after GC invocations=7 (full 0):
 garbage-first heap   total 106496K, used 43750K [0x00000000e0000000, 0x0000000100000000)
  region size 1024K, 6 young (6144K), 6 survivors (6144K)
 Metaspace       used 30577K, committed 31104K, reserved 1114112K
  class space    used 3645K, committed 3904K, reserved 1048576K
}
Event: 9.011 GC heap before
{Heap before GC invocations=7 (full 0):
 garbage-first heap   total 106496K, used 89830K [0x00000000e0000000, 0x0000000100000000)
  region size 1024K, 51 young (52224K), 6 survivors (6144K)
 Metaspace       used 33149K, committed 33600K, reserved 1114112K
  class space    used 3925K, committed 4160K, reserved 1048576K
}
Event: 9.016 GC heap after
{Heap after GC invocations=8 (full 0):
 garbage-first heap   total 106496K, used 49152K [0x00000000e0000000, 0x0000000100000000)
  region size 1024K, 6 young (6144K), 6 survivors (6144K)
 Metaspace       used 33149K, committed 33600K, reserved 1114112K
  class space    used 3925K, committed 4160K, reserved 1048576K
}
Event: 9.431 GC heap before
{Heap before GC invocations=8 (full 0):
 garbage-first heap   total 106496K, used 90112K [0x00000000e0000000, 0x0000000100000000)
  region size 1024K, 47 young (48128K), 6 survivors (6144K)
 Metaspace       used 35534K, committed 35968K, reserved 1114112K
  class space    used 4260K, committed 4480K, reserved 1048576K
}
Event: 9.436 GC heap after
{Heap after GC invocations=9 (full 0):
 garbage-first heap   total 106496K, used 52798K [0x00000000e0000000, 0x0000000100000000)
  region size 1024K, 4 young (4096K), 4 survivors (4096K)
 Metaspace       used 35534K, committed 35968K, reserved 1114112K
  class space    used 4260K, committed 4480K, reserved 1048576K
}

