# JRE version: OpenJDK Runtime Environment Corretto-21.0.6.7.1 (21.0.6+7) (build 21.0.6+7-LTS)
# Java VM: OpenJDK 64-Bit Server VM Corretto-21.0.6.7.1 (21.0.6+7-LTS, mixed mode, sharing, tiered, compressed oops, compressed class ptrs, g1 gc, windows-amd64)
GC Precious Log:
 CardTable entry size: 512
 Card Set container configuration: InlinePtr #cards 5 size 8 Array Of Cards #cards 12 size 40 Howl #buckets 4 coarsen threshold 1843 Howl Bitmap #cards 512 size 80 coarsen threshold 460 Card regions per heap region 1 cards per card region 2048
 CPUs: 4 total, 4 available
 Memory: 16383M
 Large Page Support: Disabled
 NUMA Support: Disabled
 Compressed Oops: Enabled (32-bit)
 Heap Region Size: 1M
 Heap Min Capacity: 256M
 Heap Initial Capacity: 256M
 Heap Max Capacity: 512M
 Pre-touch: Disabled
 Parallel Workers: 4
 Concurrent Workers: 1
 Concurrent Refinement Workers: 4
 Periodic GC: Disabled
Heap:
 garbage-first heap   total 262144K, used 154112K [0x00000000e0000000, 0x0000000100000000)
  region size 1024K, 25 young (25600K), 6 survivors (6144K)
 Metaspace       used 86032K, committed 88384K, reserved 458752K
  class space    used 12060K, committed 13248K, reserved 327680K
GC Heap History (20 events):
Event: 5.098 GC heap before
{Heap before GC invocations=4 (full 0):
 garbage-first heap   total 262144K, used 107589K [0x00000000e0000000, 0x0000000100000000)
  region size 1024K, 86 young (88064K), 16 survivors (16384K)
 Metaspace       used 29275K, committed 30400K, reserved 393216K
  class space    used 4356K, committed 4928K, reserved 327680K
}
Event: 5.107 GC heap after
{Heap after GC invocations=5 (full 0):
 garbage-first heap   total 262144K, used 42247K [0x00000000e0000000, 0x0000000100000000)
  region size 1024K, 7 young (7168K), 7 survivors (7168K)
 Metaspace       used 29275K, committed 30400K, reserved 393216K
  class space    used 4356K, committed 4928K, reserved 327680K
}
Event: 5.585 GC heap before
{Heap before GC invocations=5 (full 0):
 garbage-first heap   total 262144K, used 76039K [0x00000000e0000000, 0x0000000100000000)
  region size 1024K, 41 young (41984K), 7 survivors (7168K)
 Metaspace       used 34621K, committed 35968K, reserved 393216K
  class space    used 5089K, committed 5760K, reserved 327680K
}
Event: 5.589 GC heap after
{Heap after GC invocations=6 (full 0):
 garbage-first heap   total 262144K, used 44173K [0x00000000e0000000, 0x0000000100000000)
  region size 1024K, 9 young (9216K), 9 survivors (9216K)
 Metaspace       used 34621K, committed 35968K, reserved 393216K
  class space    used 5089K, committed 5760K, reserved 327680K
}
Event: 5.595 GC heap before
{Heap before GC invocations=6 (full 0):
 garbage-first heap   total 262144K, used 44173K [0x00000000e0000000, 0x0000000100000000)
  region size 1024K, 10 young (10240K), 9 survivors (9216K)
 Metaspace       used 34928K, committed 36288K, reserved 393216K
  class space    used 5126K, committed 5824K, reserved 327680K
}
Event: 5.600 GC heap after
{Heap after GC invocations=7 (full 0):
 garbage-first heap   total 262144K, used 44005K [0x00000000e0000000, 0x0000000100000000)
  region size 1024K, 3 young (3072K), 3 survivors (3072K)
 Metaspace       used 34928K, committed 36288K, reserved 393216K
  class space    used 5126K, committed 5824K, reserved 327680K
}
Event: 7.438 GC heap before
{Heap before GC invocations=8 (full 0):
 garbage-first heap   total 262144K, used 216037K [0x00000000e0000000, 0x0000000100000000)
  region size 1024K, 153 young (156672K), 3 survivors (3072K)
 Metaspace       used 50647K, committed 52352K, reserved 393216K
  class space    used 7129K, committed 8000K, reserved 327680K
}
Event: 7.447 GC heap after
{Heap after GC invocations=9 (full 0):
 garbage-first heap   total 262144K, used 69080K [0x00000000e0000000, 0x0000000100000000)
  region size 1024K, 16 young (16384K), 16 survivors (16384K)
 Metaspace       used 50647K, committed 52352K, reserved 393216K
  class space    used 7129K, committed 8000K, reserved 327680K
}
Event: 10.371 GC heap before
{Heap before GC invocations=9 (full 0):
 garbage-first heap   total 262144K, used 159192K [0x00000000e0000000, 0x0000000100000000)
  region size 1024K, 105 young (107520K), 16 survivors (16384K)
 Metaspace       used 59535K, committed 61440K, reserved 393216K
  class space    used 8501K, committed 9472K, reserved 327680K
}
Event: 10.387 GC heap after
{Heap after GC invocations=10 (full 0):
 garbage-first heap   total 262144K, used 72894K [0x00000000e0000000, 0x0000000100000000)
  region size 1024K, 6 young (6144K), 6 survivors (6144K)
 Metaspace       used 59535K, committed 61440K, reserved 393216K
  class space    used 8501K, committed 9472K, reserved 327680K
}
Event: 10.413 GC heap before
{Heap before GC invocations=10 (full 0):
 garbage-first heap   total 262144K, used 75966K [0x00000000e0000000, 0x0000000100000000)
  region size 1024K, 10 young (10240K), 6 survivors (6144K)
 Metaspace       used 59839K, committed 61760K, reserved 393216K
  class space    used 8558K, committed 9536K, reserved 327680K
}
Event: 10.418 GC heap after
{Heap after GC invocations=11 (full 0):
 garbage-first heap   total 262144K, used 73003K [0x00000000e0000000, 0x0000000100000000)
  region size 1024K, 6 young (6144K), 6 survivors (6144K)
 Metaspace       used 59839K, committed 61760K, reserved 393216K
  class space    used 8558K, committed 9536K, reserved 327680K
}
Event: 12.402 GC heap before
{Heap before GC invocations=12 (full 0):
 garbage-first heap   total 262144K, used 235819K [0x00000000e0000000, 0x0000000100000000)
  region size 1024K, 153 young (156672K), 6 survivors (6144K)
 Metaspace       used 70873K, committed 73024K, reserved 393216K
  class space    used 10204K, committed 11264K, reserved 327680K
}
Event: 12.417 GC heap after
{Heap after GC invocations=13 (full 0):
 garbage-first heap   total 262144K, used 99518K [0x00000000e0000000, 0x0000000100000000)
  region size 1024K, 19 young (19456K), 19 survivors (19456K)
 Metaspace       used 70873K, committed 73024K, reserved 393216K
  class space    used 10204K, committed 11264K, reserved 327680K
}
Event: 33.139 GC heap before
{Heap before GC invocations=13 (full 0):
 garbage-first heap   total 262144K, used 226494K [0x00000000e0000000, 0x0000000100000000)
  region size 1024K, 144 young (147456K), 19 survivors (19456K)
 Metaspace       used 76503K, committed 78848K, reserved 458752K
  class space    used 10838K, committed 12032K, reserved 327680K
}
Event: 33.152 GC heap after
{Heap after GC invocations=14 (full 0):
 garbage-first heap   total 262144K, used 109999K [0x00000000e0000000, 0x0000000100000000)
  region size 1024K, 11 young (11264K), 11 survivors (11264K)
 Metaspace       used 76503K, committed 78848K, reserved 458752K
  class space    used 10838K, committed 12032K, reserved 327680K
}
Event: 33.800 GC heap before
{Heap before GC invocations=14 (full 0):
 garbage-first heap   total 262144K, used 231855K [0x00000000e0000000, 0x0000000100000000)
  region size 1024K, 131 young (134144K), 11 survivors (11264K)
 Metaspace       used 79022K, committed 81408K, reserved 458752K
  class space    used 11223K, committed 12416K, reserved 327680K
}
Event: 33.816 GC heap after
{Heap after GC invocations=15 (full 0):
 garbage-first heap   total 262144K, used 127488K [0x00000000e0000000, 0x0000000100000000)
  region size 1024K, 17 young (17408K), 17 survivors (17408K)
 Metaspace       used 79022K, committed 81408K, reserved 458752K
  class space    used 11223K, committed 12416K, reserved 327680K
}
Event: 34.180 GC heap before
{Heap before GC invocations=15 (full 0):
 garbage-first heap   total 262144K, used 172544K [0x00000000e0000000, 0x0000000100000000)
  region size 1024K, 63 young (64512K), 17 survivors (17408K)
 Metaspace       used 80642K, committed 83008K, reserved 458752K
  class space    used 11433K, committed 12608K, reserved 327680K
}
Event: 34.191 GC heap after
{Heap after GC invocations=16 (full 0):
 garbage-first heap   total 262144K, used 132608K [0x00000000e0000000, 0x0000000100000000)
  region size 1024K, 6 young (6144K), 6 survivors (6144K)
 Metaspace       used 80642K, committed 83008K, reserved 458752K
  class space    used 11433K, committed 12608K, reserved 327680K
}

