# JRE version: OpenJDK Runtime Environment Corretto-21.0.6.7.1 (21.0.6+7) (build 21.0.6+7-LTS)
# Java VM: OpenJDK 64-Bit Server VM Corretto-21.0.6.7.1 (21.0.6+7-LTS, mixed mode, sharing, tiered, compressed oops, compressed class ptrs, g1 gc, windows-amd64)
GC Precious Log:
 CardTable entry size: 512
 Card Set container configuration: InlinePtr #cards 5 size 8 Array Of Cards #cards 12 size 40 Howl #buckets 4 coarsen threshold 1843 Howl Bitmap #cards 512 size 80 coarsen threshold 460 Card regions per heap region 1 cards per card region 2048
 CPUs: 4 total, 4 available
 Memory: 16383M
 Large Page Support: Disabled
 NUMA Support: Disabled
 Compressed Oops: Enabled (32-bit)
 Heap Region Size: 1M
 Heap Min Capacity: 256M
 Heap Initial Capacity: 256M
 Heap Max Capacity: 512M
 Pre-touch: Disabled
 Parallel Workers: 4
 Concurrent Workers: 1
 Concurrent Refinement Workers: 4
 Periodic GC: Disabled
Heap:
 garbage-first heap   total 262144K, used 118835K [0x00000000e0000000, 0x0000000100000000)
  region size 1024K, 64 young (65536K), 16 survivors (16384K)
 Metaspace       used 55344K, committed 57344K, reserved 393216K
  class space    used 7962K, committed 8960K, reserved 327680K
GC Heap History (14 events):
Event: 0.457 GC heap before
{Heap before GC invocations=0 (full 0):
 garbage-first heap   total 262144K, used 13312K [0x00000000e0000000, 0x0000000100000000)
  region size 1024K, 13 young (13312K), 0 survivors (0K)
 Metaspace       used 822K, committed 960K, reserved 393216K
  class space    used 68K, committed 128K, reserved 327680K
}
Event: 0.510 GC heap after
{Heap after GC invocations=1 (full 0):
 garbage-first heap   total 262144K, used 1280K [0x00000000e0000000, 0x0000000100000000)
  region size 1024K, 2 young (2048K), 2 survivors (2048K)
 Metaspace       used 822K, committed 960K, reserved 393216K
  class space    used 68K, committed 128K, reserved 327680K
}
Event: 1.191 GC heap before
{Heap before GC invocations=1 (full 0):
 garbage-first heap   total 262144K, used 24832K [0x00000000e0000000, 0x0000000100000000)
  region size 1024K, 22 young (22528K), 2 survivors (2048K)
 Metaspace       used 3465K, committed 3648K, reserved 393216K
  class space    used 430K, committed 512K, reserved 327680K
}
Event: 1.193 GC heap after
{Heap after GC invocations=2 (full 0):
 garbage-first heap   total 262144K, used 11195K [0x00000000e0000000, 0x0000000100000000)
  region size 1024K, 3 young (3072K), 3 survivors (3072K)
 Metaspace       used 3465K, committed 3648K, reserved 393216K
  class space    used 430K, committed 512K, reserved 327680K
}
Event: 4.491 GC heap before
{Heap before GC invocations=2 (full 0):
 garbage-first heap   total 262144K, used 163771K [0x00000000e0000000, 0x0000000100000000)
  region size 1024K, 152 young (155648K), 3 survivors (3072K)
 Metaspace       used 20898K, committed 21504K, reserved 393216K
  class space    used 2965K, committed 3264K, reserved 327680K
}
Event: 4.503 GC heap after
{Heap after GC invocations=3 (full 0):
 garbage-first heap   total 262144K, used 24507K [0x00000000e0000000, 0x0000000100000000)
  region size 1024K, 15 young (15360K), 15 survivors (15360K)
 Metaspace       used 20898K, committed 21504K, reserved 393216K
  class space    used 2965K, committed 3264K, reserved 327680K
}
Event: 5.550 GC heap before
{Heap before GC invocations=4 (full 0):
 garbage-first heap   total 262144K, used 118715K [0x00000000e0000000, 0x0000000100000000)
  region size 1024K, 97 young (99328K), 15 survivors (15360K)
 Metaspace       used 30778K, committed 32128K, reserved 393216K
  class space    used 4604K, committed 5248K, reserved 327680K
}
Event: 5.561 GC heap after
{Heap after GC invocations=5 (full 0):
 garbage-first heap   total 262144K, used 43165K [0x00000000e0000000, 0x0000000100000000)
  region size 1024K, 8 young (8192K), 8 survivors (8192K)
 Metaspace       used 30778K, committed 32128K, reserved 393216K
  class space    used 4604K, committed 5248K, reserved 327680K
}
Event: 6.021 GC heap before
{Heap before GC invocations=5 (full 0):
 garbage-first heap   total 262144K, used 65693K [0x00000000e0000000, 0x0000000100000000)
  region size 1024K, 31 young (31744K), 8 survivors (8192K)
 Metaspace       used 34627K, committed 35968K, reserved 393216K
  class space    used 5095K, committed 5760K, reserved 327680K
}
Event: 6.024 GC heap after
{Heap after GC invocations=6 (full 0):
 garbage-first heap   total 262144K, used 45354K [0x00000000e0000000, 0x0000000100000000)
  region size 1024K, 9 young (9216K), 9 survivors (9216K)
 Metaspace       used 34627K, committed 35968K, reserved 393216K
  class space    used 5095K, committed 5760K, reserved 327680K
}
Event: 6.030 GC heap before
{Heap before GC invocations=6 (full 0):
 garbage-first heap   total 262144K, used 46378K [0x00000000e0000000, 0x0000000100000000)
  region size 1024K, 11 young (11264K), 9 survivors (9216K)
 Metaspace       used 34948K, committed 36288K, reserved 393216K
  class space    used 5129K, committed 5824K, reserved 327680K
}
Event: 6.034 GC heap after
{Heap after GC invocations=7 (full 0):
 garbage-first heap   total 262144K, used 44927K [0x00000000e0000000, 0x0000000100000000)
  region size 1024K, 3 young (3072K), 3 survivors (3072K)
 Metaspace       used 34948K, committed 36288K, reserved 393216K
  class space    used 5129K, committed 5824K, reserved 327680K
}
Event: 8.005 GC heap before
{Heap before GC invocations=8 (full 0):
 garbage-first heap   total 262144K, used 216959K [0x00000000e0000000, 0x0000000100000000)
  region size 1024K, 153 young (156672K), 3 survivors (3072K)
 Metaspace       used 50590K, committed 52352K, reserved 393216K
  class space    used 7128K, committed 8000K, reserved 327680K
}
Event: 8.021 GC heap after
{Heap after GC invocations=9 (full 0):
 garbage-first heap   total 262144K, used 70707K [0x00000000e0000000, 0x0000000100000000)
  region size 1024K, 16 young (16384K), 16 survivors (16384K)
 Metaspace       used 50590K, committed 52352K, reserved 393216K
  class space    used 7128K, committed 8000K, reserved 327680K
}

