# JRE version: OpenJDK Runtime Environment Corretto-21.0.6.7.1 (21.0.6+7) (build 21.0.6+7-LTS)
# Java VM: OpenJDK 64-Bit Server VM Corretto-21.0.6.7.1 (21.0.6+7-LTS, mixed mode, sharing, tiered, compressed oops, compressed class ptrs, g1 gc, windows-amd64)
GC Precious Log:
 CardTable entry size: 512
 Card Set container configuration: InlinePtr #cards 5 size 8 Array Of Cards #cards 12 size 40 Howl #buckets 4 coarsen threshold 1843 Howl Bitmap #cards 512 size 80 coarsen threshold 460 Card regions per heap region 1 cards per card region 2048
 CPUs: 4 total, 4 available
 Memory: 16383M
 Large Page Support: Disabled
 NUMA Support: Disabled
 Compressed Oops: Enabled (32-bit)
 Heap Region Size: 1M
 Heap Min Capacity: 256M
 Heap Initial Capacity: 256M
 Heap Max Capacity: 512M
 Pre-touch: Disabled
 Parallel Workers: 4
 Concurrent Workers: 1
 Concurrent Refinement Workers: 4
 Periodic GC: Disabled
Heap:
 garbage-first heap   total 262144K, used 106689K [0x00000000e0000000, 0x0000000100000000)
  region size 1024K, 67 young (68608K), 9 survivors (9216K)
 Metaspace       used 41076K, committed 42624K, reserved 393216K
  class space    used 5807K, committed 6528K, reserved 327680K
GC Heap History (10 events):
Event: 0.409 GC heap before
{Heap before GC invocations=0 (full 0):
 garbage-first heap   total 262144K, used 13312K [0x00000000e0000000, 0x0000000100000000)
  region size 1024K, 13 young (13312K), 0 survivors (0K)
 Metaspace       used 818K, committed 960K, reserved 393216K
  class space    used 68K, committed 128K, reserved 327680K
}
Event: 0.416 GC heap after
{Heap after GC invocations=1 (full 0):
 garbage-first heap   total 262144K, used 1280K [0x00000000e0000000, 0x0000000100000000)
  region size 1024K, 2 young (2048K), 2 survivors (2048K)
 Metaspace       used 818K, committed 960K, reserved 393216K
  class space    used 68K, committed 128K, reserved 327680K
}
Event: 1.190 GC heap before
{Heap before GC invocations=1 (full 0):
 garbage-first heap   total 262144K, used 24832K [0x00000000e0000000, 0x0000000100000000)
  region size 1024K, 22 young (22528K), 2 survivors (2048K)
 Metaspace       used 3461K, committed 3648K, reserved 393216K
  class space    used 434K, committed 512K, reserved 327680K
}
Event: 1.193 GC heap after
{Heap after GC invocations=2 (full 0):
 garbage-first heap   total 262144K, used 10776K [0x00000000e0000000, 0x0000000100000000)
  region size 1024K, 3 young (3072K), 3 survivors (3072K)
 Metaspace       used 3461K, committed 3648K, reserved 393216K
  class space    used 434K, committed 512K, reserved 327680K
}
Event: 4.621 GC heap before
{Heap before GC invocations=2 (full 0):
 garbage-first heap   total 262144K, used 162328K [0x00000000e0000000, 0x0000000100000000)
  region size 1024K, 151 young (154624K), 3 survivors (3072K)
 Metaspace       used 20910K, committed 21504K, reserved 393216K
  class space    used 2970K, committed 3264K, reserved 327680K
}
Event: 4.630 GC heap after
{Heap after GC invocations=3 (full 0):
 garbage-first heap   total 262144K, used 24088K [0x00000000e0000000, 0x0000000100000000)
  region size 1024K, 15 young (15360K), 15 survivors (15360K)
 Metaspace       used 20910K, committed 21504K, reserved 393216K
  class space    used 2970K, committed 3264K, reserved 327680K
}
Event: 5.981 GC heap before
{Heap before GC invocations=4 (full 0):
 garbage-first heap   total 262144K, used 118296K [0x00000000e0000000, 0x0000000100000000)
  region size 1024K, 97 young (99328K), 15 survivors (15360K)
 Metaspace       used 30799K, committed 32064K, reserved 393216K
  class space    used 4610K, committed 5248K, reserved 327680K
}
Event: 5.997 GC heap after
{Heap after GC invocations=5 (full 0):
 garbage-first heap   total 262144K, used 42343K [0x00000000e0000000, 0x0000000100000000)
  region size 1024K, 7 young (7168K), 7 survivors (7168K)
 Metaspace       used 30799K, committed 32064K, reserved 393216K
  class space    used 4610K, committed 5248K, reserved 327680K
}
Event: 6.367 GC heap before
{Heap before GC invocations=5 (full 0):
 garbage-first heap   total 262144K, used 63847K [0x00000000e0000000, 0x0000000100000000)
  region size 1024K, 30 young (30720K), 7 survivors (7168K)
 Metaspace       used 34633K, committed 35968K, reserved 393216K
  class space    used 5101K, committed 5760K, reserved 327680K
}
Event: 6.372 GC heap after
{Heap after GC invocations=6 (full 0):
 garbage-first heap   total 262144K, used 44225K [0x00000000e0000000, 0x0000000100000000)
  region size 1024K, 9 young (9216K), 9 survivors (9216K)
 Metaspace       used 34633K, committed 35968K, reserved 393216K
  class space    used 5101K, committed 5760K, reserved 327680K
}

