# JRE version: OpenJDK Runtime Environment Corretto-21.0.6.7.1 (21.0.6+7) (build 21.0.6+7-LTS)
# Java VM: OpenJDK 64-Bit Server VM Corretto-21.0.6.7.1 (21.0.6+7-LTS, mixed mode, sharing, tiered, compressed oops, compressed class ptrs, g1 gc, windows-amd64)
GC Precious Log:
 CardTable entry size: 512
 Card Set container configuration: InlinePtr #cards 5 size 8 Array Of Cards #cards 12 size 40 Howl #buckets 4 coarsen threshold 1843 Howl Bitmap #cards 512 size 80 coarsen threshold 460 Card regions per heap region 1 cards per card region 2048
 CPUs: 4 total, 4 available
 Memory: 16383M
 Large Page Support: Disabled
 NUMA Support: Disabled
 Compressed Oops: Enabled (32-bit)
 Heap Region Size: 1M
 Heap Min Capacity: 256M
 Heap Initial Capacity: 256M
 Heap Max Capacity: 512M
 Pre-touch: Disabled
 Parallel Workers: 4
 Concurrent Workers: 1
 Concurrent Refinement Workers: 4
 Periodic GC: Disabled
Heap:
 garbage-first heap   total 317440K, used 282456K [0x00000000e0000000, 0x0000000100000000)
  region size 1024K, 141 young (144384K), 11 survivors (11264K)
 Metaspace       used 110626K, committed 112384K, reserved 458752K
  class space    used 14303K, committed 15232K, reserved 327680K
GC Heap History (20 events):
Event: 2632.689 GC heap before
{Heap before GC invocations=46 (full 0):
 garbage-first heap   total 317440K, used 279700K [0x00000000e0000000, 0x0000000100000000)
  region size 1024K, 102 young (104448K), 8 survivors (8192K)
 Metaspace       used 109649K, committed 111232K, reserved 458752K
  class space    used 14225K, committed 14976K, reserved 327680K
}
Event: 2632.696 GC heap after
{Heap after GC invocations=47 (full 0):
 garbage-first heap   total 317440K, used 184607K [0x00000000e0000000, 0x0000000100000000)
  region size 1024K, 5 young (5120K), 5 survivors (5120K)
 Metaspace       used 109649K, committed 111232K, reserved 458752K
  class space    used 14225K, committed 14976K, reserved 327680K
}
Event: 3495.300 GC heap before
{Heap before GC invocations=47 (full 0):
 garbage-first heap   total 317440K, used 290079K [0x00000000e0000000, 0x0000000100000000)
  region size 1024K, 103 young (105472K), 5 survivors (5120K)
 Metaspace       used 109862K, committed 111488K, reserved 458752K
  class space    used 14244K, committed 15040K, reserved 327680K
}
Event: 3495.309 GC heap after
{Heap after GC invocations=48 (full 0):
 garbage-first heap   total 317440K, used 158328K [0x00000000e0000000, 0x0000000100000000)
  region size 1024K, 3 young (3072K), 3 survivors (3072K)
 Metaspace       used 109862K, committed 111488K, reserved 458752K
  class space    used 14244K, committed 15040K, reserved 327680K
}
Event: 5596.357 GC heap before
{Heap before GC invocations=48 (full 0):
 garbage-first heap   total 317440K, used 285304K [0x00000000e0000000, 0x0000000100000000)
  region size 1024K, 124 young (126976K), 3 survivors (3072K)
 Metaspace       used 110009K, committed 111616K, reserved 458752K
  class space    used 14253K, committed 15040K, reserved 327680K
}
Event: 5596.364 GC heap after
{Heap after GC invocations=49 (full 0):
 garbage-first heap   total 317440K, used 160255K [0x00000000e0000000, 0x0000000100000000)
  region size 1024K, 4 young (4096K), 4 survivors (4096K)
 Metaspace       used 110009K, committed 111616K, reserved 458752K
  class space    used 14253K, committed 15040K, reserved 327680K
}
Event: 6030.705 GC heap before
{Heap before GC invocations=49 (full 0):
 garbage-first heap   total 317440K, used 286207K [0x00000000e0000000, 0x0000000100000000)
  region size 1024K, 128 young (131072K), 4 survivors (4096K)
 Metaspace       used 113647K, committed 115328K, reserved 458752K
  class space    used 14652K, committed 15488K, reserved 327680K
}
Event: 6030.711 GC heap after
{Heap after GC invocations=50 (full 0):
 garbage-first heap   total 317440K, used 163138K [0x00000000e0000000, 0x0000000100000000)
  region size 1024K, 7 young (7168K), 7 survivors (7168K)
 Metaspace       used 113647K, committed 115328K, reserved 458752K
  class space    used 14652K, committed 15488K, reserved 327680K
}
Event: 6038.563 GC heap before
{Heap before GC invocations=51 (full 0):
 garbage-first heap   total 317440K, used 282946K [0x00000000e0000000, 0x0000000100000000)
  region size 1024K, 131 young (134144K), 7 survivors (7168K)
 Metaspace       used 110864K, committed 112704K, reserved 458752K
  class space    used 14307K, committed 15296K, reserved 327680K
}
Event: 6038.573 GC heap after
{Heap after GC invocations=52 (full 0):
 garbage-first heap   total 317440K, used 163014K [0x00000000e0000000, 0x0000000100000000)
  region size 1024K, 13 young (13312K), 13 survivors (13312K)
 Metaspace       used 110864K, committed 112704K, reserved 458752K
  class space    used 14307K, committed 15296K, reserved 327680K
}
Event: 6038.927 GC heap before
{Heap before GC invocations=52 (full 0):
 garbage-first heap   total 317440K, used 287942K [0x00000000e0000000, 0x0000000100000000)
  region size 1024K, 134 young (137216K), 13 survivors (13312K)
 Metaspace       used 110878K, committed 112704K, reserved 458752K
  class space    used 14308K, committed 15296K, reserved 327680K
}
Event: 6038.949 GC heap after
{Heap after GC invocations=53 (full 0):
 garbage-first heap   total 317440K, used 143850K [0x00000000e0000000, 0x0000000100000000)
  region size 1024K, 8 young (8192K), 8 survivors (8192K)
 Metaspace       used 110878K, committed 112704K, reserved 458752K
  class space    used 14308K, committed 15296K, reserved 327680K
}
Event: 6039.221 GC heap before
{Heap before GC invocations=53 (full 0):
 garbage-first heap   total 317440K, used 289258K [0x00000000e0000000, 0x0000000100000000)
  region size 1024K, 151 young (154624K), 8 survivors (8192K)
 Metaspace       used 110881K, committed 112704K, reserved 458752K
  class space    used 14308K, committed 15296K, reserved 327680K
}
Event: 6039.232 GC heap after
{Heap after GC invocations=54 (full 0):
 garbage-first heap   total 317440K, used 149248K [0x00000000e0000000, 0x0000000100000000)
  region size 1024K, 14 young (14336K), 14 survivors (14336K)
 Metaspace       used 110881K, committed 112704K, reserved 458752K
  class space    used 14308K, committed 15296K, reserved 327680K
}
Event: 6040.404 GC heap before
{Heap before GC invocations=55 (full 0):
 garbage-first heap   total 317440K, used 284416K [0x00000000e0000000, 0x0000000100000000)
  region size 1024K, 148 young (151552K), 14 survivors (14336K)
 Metaspace       used 104021K, committed 108480K, reserved 458752K
  class space    used 13401K, committed 15232K, reserved 327680K
}
Event: 6040.417 GC heap after
{Heap after GC invocations=56 (full 0):
 garbage-first heap   total 317440K, used 151680K [0x00000000e0000000, 0x0000000100000000)
  region size 1024K, 11 young (11264K), 11 survivors (11264K)
 Metaspace       used 104021K, committed 108480K, reserved 458752K
  class space    used 13401K, committed 15232K, reserved 327680K
}
Event: 6042.605 GC heap before
{Heap before GC invocations=56 (full 0):
 garbage-first heap   total 317440K, used 287872K [0x00000000e0000000, 0x0000000100000000)
  region size 1024K, 145 young (148480K), 11 survivors (11264K)
 Metaspace       used 104111K, committed 108480K, reserved 458752K
  class space    used 13414K, committed 15232K, reserved 327680K
}
Event: 6042.614 GC heap after
{Heap after GC invocations=57 (full 0):
 garbage-first heap   total 317440K, used 148479K [0x00000000e0000000, 0x0000000100000000)
  region size 1024K, 11 young (11264K), 11 survivors (11264K)
 Metaspace       used 104111K, committed 108480K, reserved 458752K
  class space    used 13414K, committed 15232K, reserved 327680K
}
Event: 6043.562 GC heap before
{Heap before GC invocations=57 (full 0):
 garbage-first heap   total 317440K, used 289791K [0x00000000e0000000, 0x0000000100000000)
  region size 1024K, 149 young (152576K), 11 survivors (11264K)
 Metaspace       used 104111K, committed 108480K, reserved 458752K
  class space    used 13414K, committed 15232K, reserved 327680K
}
Event: 6043.568 GC heap after
{Heap after GC invocations=58 (full 0):
 garbage-first heap   total 317440K, used 149336K [0x00000000e0000000, 0x0000000100000000)
  region size 1024K, 11 young (11264K), 11 survivors (11264K)
 Metaspace       used 104111K, committed 108480K, reserved 458752K
  class space    used 13414K, committed 15232K, reserved 327680K
}

